Flutter crash report; please file at https://github.com/flutter/flutter/issues.

## command

flutter build bundle --suppress-analytics --target D:\no-backup\dev\stormtr\lib\main.dart --preview-dart-2 --filesystem-scheme org-dartlang-root --depfile D:\no-backup\dev\stormtr\build\app\intermediates\flutter\debug/snapshot_blob.bin.d --asset-dir D:\no-backup\dev\stormtr\build\app\intermediates\flutter\debug/flutter_assets

## exception

FileSystemException: FileSystemException: Exists failed, path = 'D:\no-backup\dev\stormtr\build\app\intermediates\flutter\debug/flutter_assets' (OS Error: Access is denied.
, errno = 5)

```
#0      _Directory.existsSync (dart:io/directory_impl.dart:73)
#1      _Directory.createSync (dart:io/directory_impl.dart:105)
#2      LocalFileSystemEntity&ForwardingDirectory.createSync (package:file/src/forwarding/forwarding_directory.dart:22)
#3      writeBundle (package:flutter_tools/src/bundle.dart:171)
<asynchronous suspension>
#4      assemble (package:flutter_tools/src/bundle.dart:163)
<asynchronous suspension>
#5      build (package:flutter_tools/src/bundle.dart:103)
<asynchronous suspension>
#6      BuildBundleCommand.runCommand (package:flutter_tools/src/commands/build_bundle.dart:67)
<asynchronous suspension>
#7      FlutterCommand.verifyThenRunCommand (package:flutter_tools/src/runner/flutter_command.dart:344)
<asynchronous suspension>
#8      FlutterCommand.run.<anonymous closure> (package:flutter_tools/src/runner/flutter_command.dart:279)
<asynchronous suspension>
#9      AppContext.run.<anonymous closure> (package:flutter_tools/src/base/context.dart:142)
<asynchronous suspension>
#10     _rootRun (dart:async/zone.dart:1126)
#11     _CustomZone.run (dart:async/zone.dart:1023)
#12     runZoned (dart:async/zone.dart:1501)
#13     AppContext.run (package:flutter_tools/src/base/context.dart:141)
<asynchronous suspension>
#14     FlutterCommand.run (package:flutter_tools/src/runner/flutter_command.dart:270)
#15     CommandRunner.runCommand (package:args/command_runner.dart:194)
<asynchronous suspension>
#16     FlutterCommandRunner.runCommand.<anonymous closure> (package:flutter_tools/src/runner/flutter_command_runner.dart:309)
<asynchronous suspension>
#17     AppContext.run.<anonymous closure> (package:flutter_tools/src/base/context.dart:142)
<asynchronous suspension>
#18     _rootRun (dart:async/zone.dart:1126)
#19     _CustomZone.run (dart:async/zone.dart:1023)
#20     runZoned (dart:async/zone.dart:1501)
#21     AppContext.run (package:flutter_tools/src/base/context.dart:141)
<asynchronous suspension>
#22     FlutterCommandRunner.runCommand (package:flutter_tools/src/runner/flutter_command_runner.dart:265)
<asynchronous suspension>
#23     CommandRunner.run.<anonymous closure> (package:args/command_runner.dart:109)
#24     new Future.sync (dart:async/future.dart:222)
#25     CommandRunner.run (package:args/command_runner.dart:109)
#26     FlutterCommandRunner.run (package:flutter_tools/src/runner/flutter_command_runner.dart:174)
#27     run.<anonymous closure> (package:flutter_tools/runner.dart:54)
<asynchronous suspension>
#28     AppContext.run.<anonymous closure> (package:flutter_tools/src/base/context.dart:142)
<asynchronous suspension>
#29     _rootRun (dart:async/zone.dart:1126)
#30     _CustomZone.run (dart:async/zone.dart:1023)
#31     runZoned (dart:async/zone.dart:1501)
#32     AppContext.run (package:flutter_tools/src/base/context.dart:141)
<asynchronous suspension>
#33     runInContext (package:flutter_tools/src/context_runner.dart:43)
<asynchronous suspension>
#34     run (package:flutter_tools/runner.dart:49)
#35     main (package:flutter_tools/executable.dart:49)
<asynchronous suspension>
#36     main (file:///E:/b/build/slave/Windows_Flutter_Packaging/build/archive/flutter/packages/flutter_tools/bin/flutter_tools.dart:8)
#37     _startIsolate.<anonymous closure> (dart:isolate-patch/dart:isolate/isolate_patch.dart:277)
#38     _RawReceivePortImpl._handleMessage (dart:isolate-patch/dart:isolate/isolate_patch.dart:165)
```

## flutter doctor

```
[✓] Flutter (Channel beta, v0.4.4, on Microsoft Windows [Version 6.1.7601], locale en-US)
    • Flutter version 0.4.4 at D:\no-backup\stack\flutter
    • Framework revision f9bb4289e9 (6 weeks ago), 2018-05-11 21:44:54 -0700
    • Engine revision 06afdfe54e
    • Dart version 2.0.0-dev.54.0.flutter-46ab040e58

[!] Android toolchain - develop for Android devices (Android SDK 27.0.3)
    • Android SDK at C:\Users\sanas\AppData\Local\Android\sdk
    • Android NDK location not configured (optional; useful for native profiling support)
    • Platform android-27, build-tools 27.0.3
    • Java binary at: C:\Program Files\Android\Android Studio\jre\bin\java
    • Java version OpenJDK Runtime Environment (build 1.8.0_152-release-915-b01)
    ✗ Android license status unknown.

[✓] Android Studio (version 3.0)
    • Android Studio at C:\Program Files\Android\Android Studio
    • Flutter plugin version 23.1.1
    • Dart plugin version 171.4424
    • Java version OpenJDK Runtime Environment (build 1.8.0_152-release-915-b01)

[!] VS Code, 64-bit edition (version 1.24.1)
    • VS Code at C:\Program Files\Microsoft VS Code
    • Dart Code extension not installed; install from
      https://marketplace.visualstudio.com/items?itemName=Dart-Code.dart-code

[✓] Connected devices (1 available)
    • Android SDK built for x86 • emulator-5554 • android-x86 • Android 7.1.1 (API 25) (emulator)

! Doctor found issues in 2 categories.
```
